<?xml version="1.0" encoding="UTF-8"?>
<!-- Generated by org.testng.reporters.JUnitReportReporter -->
<testsuite skipped="0" hostname="ajitbiswas-laptop" name="scripts.TestValidLogin" tests="1" failures="0" timestamp="13 Apr 2018 14:52:52 GMT" time="19.196" errors="0">
  <testcase name="testLogin" time="19.196" classname="scripts.TestValidLogin"/>
</testsuite> <!-- scripts.TestValidLogin -->
